# JRE version: OpenJDK Runtime Environment (8.0_152-b01) (build 1.8.0_152-release-1248-b01)
# Java VM: OpenJDK 64-Bit Server VM (25.152-b01 mixed mode windows-amd64 compressed oops)
Heap:
 PSYoungGen      total 215552K, used 57715K [0x00000000e0000000, 0x00000000f0300000, 0x0000000100000000)
  eden space 175616K, 32% used [0x00000000e0000000,0x00000000e385cfe8,0x00000000eab80000)
  from space 39936K, 0% used [0x00000000eab80000,0x00000000eab80000,0x00000000ed280000)
  to   space 41984K, 0% used [0x00000000eda00000,0x00000000eda00000,0x00000000f0300000)
 ParOldGen       total 140288K, used 61328K [0x00000000a0000000, 0x00000000a8900000, 0x00000000e0000000)
  object space 140288K, 43% used [0x00000000a0000000,0x00000000a3be41a0,0x00000000a8900000)
 Metaspace       used 76278K, capacity 78334K, committed 78640K, reserved 1118208K
  class space    used 9626K, capacity 10149K, committed 10288K, reserved 1048576K
GC Heap History (10 events):
Event: 68.230 GC heap before
{Heap before GC invocations=20 (full 3):
 PSYoungGen      total 188928K, used 169269K [0x00000000e0000000, 0x00000000ee680000, 0x0000000100000000)
  eden space 166400K, 88% used [0x00000000e0000000,0x00000000e8f51978,0x00000000ea280000)
  from space 22528K, 99% used [0x00000000ec080000,0x00000000ed67be50,0x00000000ed680000)
  to   space 30720K, 0% used [0x00000000ea280000,0x00000000ea280000,0x00000000ec080000)
 ParOldGen       total 140288K, used 42188K [0x00000000a0000000, 0x00000000a8900000, 0x00000000e0000000)
  object space 140288K, 30% used [0x00000000a0000000,0x00000000a29330e8,0x00000000a8900000)
 Metaspace       used 75357K, capacity 77314K, committed 77488K, reserved 1116160K
  class space    used 9596K, capacity 10121K, committed 10160K, reserved 1048576K
Event: 68.300 GC heap after
Heap after GC invocations=20 (full 3):
 PSYoungGen      total 197120K, used 30704K [0x00000000e0000000, 0x00000000efa80000, 0x0000000100000000)
  eden space 166400K, 0% used [0x00000000e0000000,0x00000000e0000000,0x00000000ea280000)
  from space 30720K, 99% used [0x00000000ea280000,0x00000000ec07c190,0x00000000ec080000)
  to   space 40960K, 0% used [0x00000000ed280000,0x00000000ed280000,0x00000000efa80000)
 ParOldGen       total 140288K, used 56948K [0x00000000a0000000, 0x00000000a8900000, 0x00000000e0000000)
  object space 140288K, 40% used [0x00000000a0000000,0x00000000a379d330,0x00000000a8900000)
 Metaspace       used 75357K, capacity 77314K, committed 77488K, reserved 1116160K
  class space    used 9596K, capacity 10121K, committed 10160K, reserved 1048576K
}
Event: 68.300 GC heap before
{Heap before GC invocations=21 (full 4):
 PSYoungGen      total 197120K, used 30704K [0x00000000e0000000, 0x00000000efa80000, 0x0000000100000000)
  eden space 166400K, 0% used [0x00000000e0000000,0x00000000e0000000,0x00000000ea280000)
  from space 30720K, 99% used [0x00000000ea280000,0x00000000ec07c190,0x00000000ec080000)
  to   space 40960K, 0% used [0x00000000ed280000,0x00000000ed280000,0x00000000efa80000)
 ParOldGen       total 140288K, used 56948K [0x00000000a0000000, 0x00000000a8900000, 0x00000000e0000000)
  object space 140288K, 40% used [0x00000000a0000000,0x00000000a379d330,0x00000000a8900000)
 Metaspace       used 75357K, capacity 77314K, committed 77488K, reserved 1116160K
  class space    used 9596K, capacity 10121K, committed 10160K, reserved 1048576K
Event: 68.550 GC heap after
Heap after GC invocations=21 (full 4):
 PSYoungGen      total 197120K, used 0K [0x00000000e0000000, 0x00000000efa80000, 0x0000000100000000)
  eden space 166400K, 0% used [0x00000000e0000000,0x00000000e0000000,0x00000000ea280000)
  from space 30720K, 0% used [0x00000000ea280000,0x00000000ea280000,0x00000000ec080000)
  to   space 40960K, 0% used [0x00000000ed280000,0x00000000ed280000,0x00000000efa80000)
 ParOldGen       total 140288K, used 61182K [0x00000000a0000000, 0x00000000a8900000, 0x00000000e0000000)
  object space 140288K, 43% used [0x00000000a0000000,0x00000000a3bbf970,0x00000000a8900000)
 Metaspace       used 75135K, capacity 77066K, committed 77488K, reserved 1116160K
  class space    used 9577K, capacity 10081K, committed 10160K, reserved 1048576K
}
Event: 79.231 GC heap before
{Heap before GC invocations=22 (full 4):
 PSYoungGen      total 197120K, used 166400K [0x00000000e0000000, 0x00000000efa80000, 0x0000000100000000)
  eden space 166400K, 100% used [0x00000000e0000000,0x00000000ea280000,0x00000000ea280000)
  from space 30720K, 0% used [0x00000000ea280000,0x00000000ea280000,0x00000000ec080000)
  to   space 40960K, 0% used [0x00000000ed280000,0x00000000ed280000,0x00000000efa80000)
 ParOldGen       total 140288K, used 61182K [0x00000000a0000000, 0x00000000a8900000, 0x00000000e0000000)
  object space 140288K, 43% used [0x00000000a0000000,0x00000000a3bbf970,0x00000000a8900000)
 Metaspace       used 75757K, capacity 77738K, committed 78000K, reserved 1118208K
  class space    used 9603K, capacity 10107K, committed 10160K, reserved 1048576K
Event: 79.237 GC heap after
Heap after GC invocations=22 (full 4):
 PSYoungGen      total 216576K, used 5944K [0x00000000e0000000, 0x00000000eff00000, 0x0000000100000000)
  eden space 175616K, 0% used [0x00000000e0000000,0x00000000e0000000,0x00000000eab80000)
  from space 40960K, 14% used [0x00000000ed280000,0x00000000ed84e150,0x00000000efa80000)
  to   space 39936K, 0% used [0x00000000eab80000,0x00000000eab80000,0x00000000ed280000)
 ParOldGen       total 140288K, used 61190K [0x00000000a0000000, 0x00000000a8900000, 0x00000000e0000000)
  object space 140288K, 43% used [0x00000000a0000000,0x00000000a3bc1970,0x00000000a8900000)
 Metaspace       used 75757K, capacity 77738K, committed 78000K, reserved 1118208K
  class space    used 9603K, capacity 10107K, committed 10160K, reserved 1048576K
}
Event: 160.953 GC heap before
{Heap before GC invocations=23 (full 4):
 PSYoungGen      total 216576K, used 174209K [0x00000000e0000000, 0x00000000eff00000, 0x0000000100000000)
  eden space 175616K, 95% used [0x00000000e0000000,0x00000000ea452490,0x00000000eab80000)
  from space 40960K, 14% used [0x00000000ed280000,0x00000000ed84e150,0x00000000efa80000)
  to   space 39936K, 0% used [0x00000000eab80000,0x00000000eab80000,0x00000000ed280000)
 ParOldGen       total 140288K, used 61190K [0x00000000a0000000, 0x00000000a8900000, 0x00000000e0000000)
  object space 140288K, 43% used [0x00000000a0000000,0x00000000a3bc1970,0x00000000a8900000)
 Metaspace       used 76269K, capacity 78316K, committed 78512K, reserved 1118208K
  class space    used 9628K, capacity 10158K, committed 10160K, reserved 1048576K
Event: 160.972 GC heap after
Heap after GC invocations=23 (full 4):
 PSYoungGen      total 215552K, used 27150K [0x00000000e0000000, 0x00000000f0300000, 0x0000000100000000)
  eden space 175616K, 0% used [0x00000000e0000000,0x00000000e0000000,0x00000000eab80000)
  from space 39936K, 67% used [0x00000000eab80000,0x00000000ec603b38,0x00000000ed280000)
  to   space 41984K, 0% used [0x00000000eda00000,0x00000000eda00000,0x00000000f0300000)
 ParOldGen       total 140288K, used 61198K [0x00000000a0000000, 0x00000000a8900000, 0x00000000e0000000)
  object space 140288K, 43% used [0x00000000a0000000,0x00000000a3bc3970,0x00000000a8900000)
 Metaspace       used 76269K, capacity 78316K, committed 78512K, reserved 1118208K
  class space    used 9628K, capacity 10158K, committed 10160K, reserved 1048576K
}
Event: 160.972 GC heap before
{Heap before GC invocations=24 (full 5):
 PSYoungGen      total 215552K, used 27150K [0x00000000e0000000, 0x00000000f0300000, 0x0000000100000000)
  eden space 175616K, 0% used [0x00000000e0000000,0x00000000e0000000,0x00000000eab80000)
  from space 39936K, 67% used [0x00000000eab80000,0x00000000ec603b38,0x00000000ed280000)
  to   space 41984K, 0% used [0x00000000eda00000,0x00000000eda00000,0x00000000f0300000)
 ParOldGen       total 140288K, used 61198K [0x00000000a0000000, 0x00000000a8900000, 0x00000000e0000000)
  object space 140288K, 43% used [0x00000000a0000000,0x00000000a3bc3970,0x00000000a8900000)
 Metaspace       used 76269K, capacity 78316K, committed 78512K, reserved 1118208K
  class space    used 9628K, capacity 10158K, committed 10160K, reserved 1048576K
Event: 161.213 GC heap after
Heap after GC invocations=24 (full 5):
 PSYoungGen      total 215552K, used 0K [0x00000000e0000000, 0x00000000f0300000, 0x0000000100000000)
  eden space 175616K, 0% used [0x00000000e0000000,0x00000000e0000000,0x00000000eab80000)
  from space 39936K, 0% used [0x00000000eab80000,0x00000000eab80000,0x00000000ed280000)
  to   space 41984K, 0% used [0x00000000eda00000,0x00000000eda00000,0x00000000f0300000)
 ParOldGen       total 140288K, used 61328K [0x00000000a0000000, 0x00000000a8900000, 0x00000000e0000000)
  object space 140288K, 43% used [0x00000000a0000000,0x00000000a3be41a0,0x00000000a8900000)
 Metaspace       used 76046K, capacity 78068K, committed 78512K, reserved 1118208K
  class space    used 9609K, capacity 10118K, committed 10160K, reserved 1048576K
}

