# JRE version: OpenJDK Runtime Environment (8.0_152-b01) (build 1.8.0_152-release-1248-b01)
# Java VM: OpenJDK 64-Bit Server VM (25.152-b01 mixed mode windows-amd64 compressed oops)
Heap:
 PSYoungGen      total 417792K, used 149048K [0x00000000e0000000, 0x00000000fde80000, 0x0000000100000000)
  eden space 372736K, 32% used [0x00000000e0000000,0x00000000e74c6ed0,0x00000000f6c00000)
  from space 45056K, 65% used [0x00000000f6c00000,0x00000000f88c7318,0x00000000f9800000)
  to   space 46080K, 0% used [0x00000000fb180000,0x00000000fb180000,0x00000000fde80000)
 ParOldGen       total 195072K, used 54617K [0x00000000a0000000, 0x00000000abe80000, 0x00000000e0000000)
  object space 195072K, 27% used [0x00000000a0000000,0x00000000a35564e0,0x00000000abe80000)
 Metaspace       used 100539K, capacity 106256K, committed 106520K, reserved 1142784K
  class space    used 12500K, capacity 13557K, committed 13608K, reserved 1048576K
GC Heap History (10 events):
Event: 1202.074 GC heap before
{Heap before GC invocations=33 (full 4):
 PSYoungGen      total 459776K, used 440333K [0x00000000e0000000, 0x00000000ff000000, 0x0000000100000000)
  eden space 427008K, 100% used [0x00000000e0000000,0x00000000fa100000,0x00000000fa100000)
  from space 32768K, 40% used [0x00000000fd000000,0x00000000fdd03608,0x00000000ff000000)
  to   space 40448K, 0% used [0x00000000fa100000,0x00000000fa100000,0x00000000fc880000)
 ParOldGen       total 195072K, used 43154K [0x00000000a0000000, 0x00000000abe80000, 0x00000000e0000000)
  object space 195072K, 22% used [0x00000000a0000000,0x00000000a2a24a08,0x00000000abe80000)
 Metaspace       used 99484K, capacity 104128K, committed 104216K, reserved 1140736K
  class space    used 12349K, capacity 13279K, committed 13352K, reserved 1048576K
Event: 1202.094 GC heap after
Heap after GC invocations=33 (full 4):
 PSYoungGen      total 429568K, used 18045K [0x00000000e0000000, 0x00000000fdc80000, 0x0000000100000000)
  eden space 411136K, 0% used [0x00000000e0000000,0x00000000e0000000,0x00000000f9180000)
  from space 18432K, 97% used [0x00000000fa100000,0x00000000fb29f6a0,0x00000000fb300000)
  to   space 38400K, 0% used [0x00000000fb700000,0x00000000fb700000,0x00000000fdc80000)
 ParOldGen       total 195072K, used 43162K [0x00000000a0000000, 0x00000000abe80000, 0x00000000e0000000)
  object space 195072K, 22% used [0x00000000a0000000,0x00000000a2a26a08,0x00000000abe80000)
 Metaspace       used 99484K, capacity 104128K, committed 104216K, reserved 1140736K
  class space    used 12349K, capacity 13279K, committed 13352K, reserved 1048576K
}
Event: 1225.458 GC heap before
{Heap before GC invocations=34 (full 4):
 PSYoungGen      total 429568K, used 428286K [0x00000000e0000000, 0x00000000fdc80000, 0x0000000100000000)
  eden space 411136K, 99% used [0x00000000e0000000,0x00000000f90a0418,0x00000000f9180000)
  from space 18432K, 97% used [0x00000000fa100000,0x00000000fb29f6a0,0x00000000fb300000)
  to   space 38400K, 0% used [0x00000000fb700000,0x00000000fb700000,0x00000000fdc80000)
 ParOldGen       total 195072K, used 43162K [0x00000000a0000000, 0x00000000abe80000, 0x00000000e0000000)
  object space 195072K, 22% used [0x00000000a0000000,0x00000000a2a26a08,0x00000000abe80000)
 Metaspace       used 99882K, capacity 104762K, committed 104984K, reserved 1140736K
  class space    used 12389K, capacity 13352K, committed 13352K, reserved 1048576K
Event: 1225.480 GC heap after
Heap after GC invocations=34 (full 4):
 PSYoungGen      total 417792K, used 19264K [0x00000000e0000000, 0x00000000fcc00000, 0x0000000100000000)
  eden space 396288K, 0% used [0x00000000e0000000,0x00000000e0000000,0x00000000f8300000)
  from space 21504K, 89% used [0x00000000fb700000,0x00000000fc9d0018,0x00000000fcc00000)
  to   space 37376K, 0% used [0x00000000f8300000,0x00000000f8300000,0x00000000fa780000)
 ParOldGen       total 195072K, used 43170K [0x00000000a0000000, 0x00000000abe80000, 0x00000000e0000000)
  object space 195072K, 22% used [0x00000000a0000000,0x00000000a2a28a08,0x00000000abe80000)
 Metaspace       used 99882K, capacity 104762K, committed 104984K, reserved 1140736K
  class space    used 12389K, capacity 13352K, committed 13352K, reserved 1048576K
}
Event: 1230.982 GC heap before
{Heap before GC invocations=35 (full 4):
 PSYoungGen      total 417792K, used 415552K [0x00000000e0000000, 0x00000000fcc00000, 0x0000000100000000)
  eden space 396288K, 100% used [0x00000000e0000000,0x00000000f8300000,0x00000000f8300000)
  from space 21504K, 89% used [0x00000000fb700000,0x00000000fc9d0018,0x00000000fcc00000)
  to   space 37376K, 0% used [0x00000000f8300000,0x00000000f8300000,0x00000000fa780000)
 ParOldGen       total 195072K, used 43170K [0x00000000a0000000, 0x00000000abe80000, 0x00000000e0000000)
  object space 195072K, 22% used [0x00000000a0000000,0x00000000a2a28a08,0x00000000abe80000)
 Metaspace       used 99993K, capacity 104974K, committed 105112K, reserved 1140736K
  class space    used 12396K, capacity 13366K, committed 13480K, reserved 1048576K
Event: 1231.001 GC heap after
Heap after GC invocations=35 (full 4):
 PSYoungGen      total 399872K, used 17831K [0x00000000e0000000, 0x00000000fbb00000, 0x0000000100000000)
  eden space 381952K, 0% used [0x00000000e0000000,0x00000000e0000000,0x00000000f7500000)
  from space 17920K, 99% used [0x00000000f8300000,0x00000000f9469da8,0x00000000f9480000)
  to   space 35840K, 0% used [0x00000000f9800000,0x00000000f9800000,0x00000000fbb00000)
 ParOldGen       total 195072K, used 43170K [0x00000000a0000000, 0x00000000abe80000, 0x00000000e0000000)
  object space 195072K, 22% used [0x00000000a0000000,0x00000000a2a28a08,0x00000000abe80000)
 Metaspace       used 99993K, capacity 104974K, committed 105112K, reserved 1140736K
  class space    used 12396K, capacity 13366K, committed 13480K, reserved 1048576K
}
Event: 1232.911 GC heap before
{Heap before GC invocations=36 (full 4):
 PSYoungGen      total 399872K, used 399734K [0x00000000e0000000, 0x00000000fbb00000, 0x0000000100000000)
  eden space 381952K, 99% used [0x00000000e0000000,0x00000000f74f3da0,0x00000000f7500000)
  from space 17920K, 99% used [0x00000000f8300000,0x00000000f9469da8,0x00000000f9480000)
  to   space 35840K, 0% used [0x00000000f9800000,0x00000000f9800000,0x00000000fbb00000)
 ParOldGen       total 195072K, used 43170K [0x00000000a0000000, 0x00000000abe80000, 0x00000000e0000000)
  object space 195072K, 22% used [0x00000000a0000000,0x00000000a2a28a08,0x00000000abe80000)
 Metaspace       used 100044K, capacity 105042K, committed 105368K, reserved 1140736K
  class space    used 12397K, capacity 13366K, committed 13480K, reserved 1048576K
Event: 1232.943 GC heap after
Heap after GC invocations=36 (full 4):
 PSYoungGen      total 408576K, used 35814K [0x00000000e0000000, 0x00000000fe580000, 0x0000000100000000)
  eden space 372736K, 0% used [0x00000000e0000000,0x00000000e0000000,0x00000000f6c00000)
  from space 35840K, 99% used [0x00000000f9800000,0x00000000fbaf9860,0x00000000fbb00000)
  to   space 45056K, 0% used [0x00000000f6c00000,0x00000000f6c00000,0x00000000f9800000)
 ParOldGen       total 195072K, used 54617K [0x00000000a0000000, 0x00000000abe80000, 0x00000000e0000000)
  object space 195072K, 27% used [0x00000000a0000000,0x00000000a35564e0,0x00000000abe80000)
 Metaspace       used 100044K, capacity 105042K, committed 105368K, reserved 1140736K
  class space    used 12397K, capacity 13366K, committed 13480K, reserved 1048576K
}
Event: 1234.239 GC heap before
{Heap before GC invocations=37 (full 4):
 PSYoungGen      total 408576K, used 408522K [0x00000000e0000000, 0x00000000fe580000, 0x0000000100000000)
  eden space 372736K, 99% used [0x00000000e0000000,0x00000000f6bf9280,0x00000000f6c00000)
  from space 35840K, 99% used [0x00000000f9800000,0x00000000fbaf9860,0x00000000fbb00000)
  to   space 45056K, 0% used [0x00000000f6c00000,0x00000000f6c00000,0x00000000f9800000)
 ParOldGen       total 195072K, used 54617K [0x00000000a0000000, 0x00000000abe80000, 0x00000000e0000000)
  object space 195072K, 27% used [0x00000000a0000000,0x00000000a35564e0,0x00000000abe80000)
 Metaspace       used 100111K, capacity 105196K, committed 105368K, reserved 1140736K
  class space    used 12405K, capacity 13381K, committed 13480K, reserved 1048576K
Event: 1234.258 GC heap after
Heap after GC invocations=37 (full 4):
 PSYoungGen      total 417792K, used 29468K [0x00000000e0000000, 0x00000000fde80000, 0x0000000100000000)
  eden space 372736K, 0% used [0x00000000e0000000,0x00000000e0000000,0x00000000f6c00000)
  from space 45056K, 65% used [0x00000000f6c00000,0x00000000f88c7318,0x00000000f9800000)
  to   space 46080K, 0% used [0x00000000fb180000,0x00000000fb180000,0x00000000fde80000)
 ParOldGen       total 195072K, used 54617K [0x00000000a0000000, 0x00000000abe80000, 0x00000000e0000000)
  object space 195072K, 27% used [0x00000000a0000000,0x00000000a35564e0,0x00000000abe80000)
 Metaspace       used 100111K, capacity 105196K, committed 105368K, reserved 1140736K
  class space    used 12405K, capacity 13381K, committed 13480K, reserved 1048576K
}

