# JRE version: OpenJDK Runtime Environment (8.0_152-b01) (build 1.8.0_152-release-1248-b01)
# Java VM: OpenJDK 64-Bit Server VM (25.152-b01 mixed mode windows-amd64 compressed oops)
Heap:
 PSYoungGen      total 317440K, used 29542K [0x00000000e0000000, 0x00000000f5a80000, 0x0000000100000000)
  eden space 294400K, 9% used [0x00000000e0000000,0x00000000e1a0ca60,0x00000000f1f80000)
  from space 23040K, 12% used [0x00000000f4400000,0x00000000f46ccdf8,0x00000000f5a80000)
  to   space 30208K, 0% used [0x00000000f1f80000,0x00000000f1f80000,0x00000000f3d00000)
 ParOldGen       total 113664K, used 74989K [0x00000000a0000000, 0x00000000a6f00000, 0x00000000e0000000)
  object space 113664K, 65% used [0x00000000a0000000,0x00000000a493b460,0x00000000a6f00000)
 Metaspace       used 83778K, capacity 86862K, committed 87088K, reserved 1124352K
  class space    used 10795K, capacity 11467K, committed 11568K, reserved 1048576K
GC Heap History (10 events):
Event: 14.924 GC heap before
{Heap before GC invocations=15 (full 3):
 PSYoungGen      total 239616K, used 238641K [0x00000000e0000000, 0x00000000f6180000, 0x0000000100000000)
  eden space 217600K, 99% used [0x00000000e0000000,0x00000000ed38cc10,0x00000000ed480000)
  from space 22016K, 99% used [0x00000000ed480000,0x00000000ee9ff8c8,0x00000000eea00000)
  to   space 30208K, 0% used [0x00000000f4400000,0x00000000f4400000,0x00000000f6180000)
 ParOldGen       total 113664K, used 51529K [0x00000000a0000000, 0x00000000a6f00000, 0x00000000e0000000)
  object space 113664K, 45% used [0x00000000a0000000,0x00000000a32524a8,0x00000000a6f00000)
 Metaspace       used 67694K, capacity 69534K, committed 69680K, reserved 1110016K
  class space    used 9002K, capacity 9490K, committed 9520K, reserved 1048576K
Event: 14.943 GC heap after
Heap after GC invocations=15 (full 3):
 PSYoungGen      total 317440K, used 3823K [0x00000000e0000000, 0x00000000f5a80000, 0x0000000100000000)
  eden space 294400K, 0% used [0x00000000e0000000,0x00000000e0000000,0x00000000f1f80000)
  from space 23040K, 16% used [0x00000000f4400000,0x00000000f47bbc18,0x00000000f5a80000)
  to   space 30208K, 0% used [0x00000000f1f80000,0x00000000f1f80000,0x00000000f3d00000)
 ParOldGen       total 113664K, used 69977K [0x00000000a0000000, 0x00000000a6f00000, 0x00000000e0000000)
  object space 113664K, 61% used [0x00000000a0000000,0x00000000a44564e8,0x00000000a6f00000)
 Metaspace       used 67694K, capacity 69534K, committed 69680K, reserved 1110016K
  class space    used 9002K, capacity 9490K, committed 9520K, reserved 1048576K
}
Event: 21.777 GC heap before
{Heap before GC invocations=16 (full 3):
 PSYoungGen      total 317440K, used 298115K [0x00000000e0000000, 0x00000000f5a80000, 0x0000000100000000)
  eden space 294400K, 99% used [0x00000000e0000000,0x00000000f1f651c8,0x00000000f1f80000)
  from space 23040K, 16% used [0x00000000f4400000,0x00000000f47bbc18,0x00000000f5a80000)
  to   space 30208K, 0% used [0x00000000f1f80000,0x00000000f1f80000,0x00000000f3d00000)
 ParOldGen       total 113664K, used 69977K [0x00000000a0000000, 0x00000000a6f00000, 0x00000000e0000000)
  object space 113664K, 61% used [0x00000000a0000000,0x00000000a44564e8,0x00000000a6f00000)
 Metaspace       used 72057K, capacity 74146K, committed 74288K, reserved 1114112K
  class space    used 9481K, capacity 10004K, committed 10032K, reserved 1048576K
Event: 21.786 GC heap after
Heap after GC invocations=16 (full 3):
 PSYoungGen      total 324608K, used 6471K [0x00000000e0000000, 0x00000000f5a80000, 0x0000000100000000)
  eden space 294400K, 0% used [0x00000000e0000000,0x00000000e0000000,0x00000000f1f80000)
  from space 30208K, 21% used [0x00000000f1f80000,0x00000000f25d1c80,0x00000000f3d00000)
  to   space 23040K, 0% used [0x00000000f4400000,0x00000000f4400000,0x00000000f5a80000)
 ParOldGen       total 113664K, used 72125K [0x00000000a0000000, 0x00000000a6f00000, 0x00000000e0000000)
  object space 113664K, 63% used [0x00000000a0000000,0x00000000a466f5e0,0x00000000a6f00000)
 Metaspace       used 72057K, capacity 74146K, committed 74288K, reserved 1114112K
  class space    used 9481K, capacity 10004K, committed 10032K, reserved 1048576K
}
Event: 25.464 GC heap before
{Heap before GC invocations=17 (full 3):
 PSYoungGen      total 324608K, used 300871K [0x00000000e0000000, 0x00000000f5a80000, 0x0000000100000000)
  eden space 294400K, 100% used [0x00000000e0000000,0x00000000f1f80000,0x00000000f1f80000)
  from space 30208K, 21% used [0x00000000f1f80000,0x00000000f25d1c80,0x00000000f3d00000)
  to   space 23040K, 0% used [0x00000000f4400000,0x00000000f4400000,0x00000000f5a80000)
 ParOldGen       total 113664K, used 72125K [0x00000000a0000000, 0x00000000a6f00000, 0x00000000e0000000)
  object space 113664K, 63% used [0x00000000a0000000,0x00000000a466f5e0,0x00000000a6f00000)
 Metaspace       used 82608K, capacity 85502K, committed 85680K, reserved 1124352K
  class space    used 10714K, capacity 11357K, committed 11440K, reserved 1048576K
Event: 25.480 GC heap after
Heap after GC invocations=17 (full 3):
 PSYoungGen      total 317440K, used 12851K [0x00000000e0000000, 0x00000000f5a80000, 0x0000000100000000)
  eden space 294400K, 0% used [0x00000000e0000000,0x00000000e0000000,0x00000000f1f80000)
  from space 23040K, 55% used [0x00000000f4400000,0x00000000f508cf90,0x00000000f5a80000)
  to   space 30208K, 0% used [0x00000000f1f80000,0x00000000f1f80000,0x00000000f3d00000)
 ParOldGen       total 113664K, used 74973K [0x00000000a0000000, 0x00000000a6f00000, 0x00000000e0000000)
  object space 113664K, 65% used [0x00000000a0000000,0x00000000a4937460,0x00000000a6f00000)
 Metaspace       used 82608K, capacity 85502K, committed 85680K, reserved 1124352K
  class space    used 10714K, capacity 11357K, committed 11440K, reserved 1048576K
}
Event: 26.667 GC heap before
{Heap before GC invocations=18 (full 3):
 PSYoungGen      total 317440K, used 307251K [0x00000000e0000000, 0x00000000f5a80000, 0x0000000100000000)
  eden space 294400K, 100% used [0x00000000e0000000,0x00000000f1f80000,0x00000000f1f80000)
  from space 23040K, 55% used [0x00000000f4400000,0x00000000f508cf90,0x00000000f5a80000)
  to   space 30208K, 0% used [0x00000000f1f80000,0x00000000f1f80000,0x00000000f3d00000)
 ParOldGen       total 113664K, used 74973K [0x00000000a0000000, 0x00000000a6f00000, 0x00000000e0000000)
  object space 113664K, 65% used [0x00000000a0000000,0x00000000a4937460,0x00000000a6f00000)
 Metaspace       used 83002K, capacity 85984K, committed 86192K, reserved 1124352K
  class space    used 10723K, capacity 11394K, committed 11440K, reserved 1048576K
Event: 26.678 GC heap after
Heap after GC invocations=18 (full 3):
 PSYoungGen      total 324608K, used 5966K [0x00000000e0000000, 0x00000000f5a80000, 0x0000000100000000)
  eden space 294400K, 0% used [0x00000000e0000000,0x00000000e0000000,0x00000000f1f80000)
  from space 30208K, 19% used [0x00000000f1f80000,0x00000000f2553a38,0x00000000f3d00000)
  to   space 23040K, 0% used [0x00000000f4400000,0x00000000f4400000,0x00000000f5a80000)
 ParOldGen       total 113664K, used 74981K [0x00000000a0000000, 0x00000000a6f00000, 0x00000000e0000000)
  object space 113664K, 65% used [0x00000000a0000000,0x00000000a4939460,0x00000000a6f00000)
 Metaspace       used 83002K, capacity 85984K, committed 86192K, reserved 1124352K
  class space    used 10723K, capacity 11394K, committed 11440K, reserved 1048576K
}
Event: 28.429 GC heap before
{Heap before GC invocations=19 (full 3):
 PSYoungGen      total 324608K, used 300366K [0x00000000e0000000, 0x00000000f5a80000, 0x0000000100000000)
  eden space 294400K, 100% used [0x00000000e0000000,0x00000000f1f80000,0x00000000f1f80000)
  from space 30208K, 19% used [0x00000000f1f80000,0x00000000f2553a38,0x00000000f3d00000)
  to   space 23040K, 0% used [0x00000000f4400000,0x00000000f4400000,0x00000000f5a80000)
 ParOldGen       total 113664K, used 74981K [0x00000000a0000000, 0x00000000a6f00000, 0x00000000e0000000)
  object space 113664K, 65% used [0x00000000a0000000,0x00000000a4939460,0x00000000a6f00000)
 Metaspace       used 83266K, capacity 86250K, committed 86448K, reserved 1124352K
  class space    used 10735K, capacity 11405K, committed 11440K, reserved 1048576K
Event: 28.435 GC heap after
Heap after GC invocations=19 (full 3):
 PSYoungGen      total 317440K, used 2867K [0x00000000e0000000, 0x00000000f5a80000, 0x0000000100000000)
  eden space 294400K, 0% used [0x00000000e0000000,0x00000000e0000000,0x00000000f1f80000)
  from space 23040K, 12% used [0x00000000f4400000,0x00000000f46ccdf8,0x00000000f5a80000)
  to   space 30208K, 0% used [0x00000000f1f80000,0x00000000f1f80000,0x00000000f3d00000)
 ParOldGen       total 113664K, used 74989K [0x00000000a0000000, 0x00000000a6f00000, 0x00000000e0000000)
  object space 113664K, 65% used [0x00000000a0000000,0x00000000a493b460,0x00000000a6f00000)
 Metaspace       used 83266K, capacity 86250K, committed 86448K, reserved 1124352K
  class space    used 10735K, capacity 11405K, committed 11440K, reserved 1048576K
}

