# JRE version: OpenJDK Runtime Environment (8.0_152-b01) (build 1.8.0_152-release-1248-b01)
# Java VM: OpenJDK 64-Bit Server VM (25.152-b01 mixed mode windows-amd64 compressed oops)
Heap:
 PSYoungGen      total 245248K, used 243394K [0x00000000e0000000, 0x00000000f0880000, 0x0000000100000000)
  eden space 220672K, 99% used [0x00000000e0000000,0x00000000ed5b4198,0x00000000ed780000)
  from space 24576K, 99% used [0x00000000ed880000,0x00000000ef07c7c0,0x00000000ef080000)
  to   space 19968K, 0% used [0x00000000ef500000,0x00000000ef500000,0x00000000f0880000)
 ParOldGen       total 136704K, used 37204K [0x00000000a0000000, 0x00000000a8580000, 0x00000000e0000000)
  object space 136704K, 27% used [0x00000000a0000000,0x00000000a2455230,0x00000000a8580000)
 Metaspace       used 75513K, capacity 77526K, committed 77824K, reserved 1116160K
  class space    used 9605K, capacity 10141K, committed 10240K, reserved 1048576K
GC Heap History (10 events):
Event: 6.713 GC heap before
{Heap before GC invocations=12 (full 2):
 PSYoungGen      total 152576K, used 152565K [0x00000000e0000000, 0x00000000ecf00000, 0x0000000100000000)
  eden space 140288K, 100% used [0x00000000e0000000,0x00000000e8900000,0x00000000e8900000)
  from space 12288K, 99% used [0x00000000e8900000,0x00000000e94fd480,0x00000000e9500000)
  to   space 15872K, 0% used [0x00000000ebf80000,0x00000000ebf80000,0x00000000ecf00000)
 ParOldGen       total 95232K, used 20273K [0x00000000a0000000, 0x00000000a5d00000, 0x00000000e0000000)
  object space 95232K, 21% used [0x00000000a0000000,0x00000000a13cc5f0,0x00000000a5d00000)
 Metaspace       used 56231K, capacity 57574K, committed 57728K, reserved 1099776K
  class space    used 7646K, capacity 8043K, committed 8064K, reserved 1048576K
Event: 6.730 GC heap after
Heap after GC invocations=12 (full 2):
 PSYoungGen      total 190976K, used 15854K [0x00000000e0000000, 0x00000000ed480000, 0x0000000100000000)
  eden space 175104K, 0% used [0x00000000e0000000,0x00000000e0000000,0x00000000eab00000)
  from space 15872K, 99% used [0x00000000ebf80000,0x00000000ecefb9c0,0x00000000ecf00000)
  to   space 20992K, 0% used [0x00000000eab00000,0x00000000eab00000,0x00000000ebf80000)
 ParOldGen       total 95232K, used 28442K [0x00000000a0000000, 0x00000000a5d00000, 0x00000000e0000000)
  object space 95232K, 29% used [0x00000000a0000000,0x00000000a1bc6a30,0x00000000a5d00000)
 Metaspace       used 56231K, capacity 57574K, committed 57728K, reserved 1099776K
  class space    used 7646K, capacity 8043K, committed 8064K, reserved 1048576K
}
Event: 7.011 GC heap before
{Heap before GC invocations=13 (full 2):
 PSYoungGen      total 190976K, used 42446K [0x00000000e0000000, 0x00000000ed480000, 0x0000000100000000)
  eden space 175104K, 15% used [0x00000000e0000000,0x00000000e19f8018,0x00000000eab00000)
  from space 15872K, 99% used [0x00000000ebf80000,0x00000000ecefb9c0,0x00000000ecf00000)
  to   space 20992K, 0% used [0x00000000eab00000,0x00000000eab00000,0x00000000ebf80000)
 ParOldGen       total 95232K, used 28442K [0x00000000a0000000, 0x00000000a5d00000, 0x00000000e0000000)
  object space 95232K, 29% used [0x00000000a0000000,0x00000000a1bc6a30,0x00000000a5d00000)
 Metaspace       used 57596K, capacity 58974K, committed 59028K, reserved 1099776K
  class space    used 7782K, capacity 8165K, committed 8192K, reserved 1048576K
Event: 7.035 GC heap after
Heap after GC invocations=13 (full 2):
 PSYoungGen      total 196096K, used 16977K [0x00000000e0000000, 0x00000000f0b00000, 0x0000000100000000)
  eden space 175104K, 0% used [0x00000000e0000000,0x00000000e0000000,0x00000000eab00000)
  from space 20992K, 80% used [0x00000000eab00000,0x00000000ebb946e0,0x00000000ebf80000)
  to   space 22528K, 0% used [0x00000000ef500000,0x00000000ef500000,0x00000000f0b00000)
 ParOldGen       total 95232K, used 28450K [0x00000000a0000000, 0x00000000a5d00000, 0x00000000e0000000)
  object space 95232K, 29% used [0x00000000a0000000,0x00000000a1bc8a30,0x00000000a5d00000)
 Metaspace       used 57596K, capacity 58974K, committed 59028K, reserved 1099776K
  class space    used 7782K, capacity 8165K, committed 8192K, reserved 1048576K
}
Event: 7.035 GC heap before
{Heap before GC invocations=14 (full 3):
 PSYoungGen      total 196096K, used 16977K [0x00000000e0000000, 0x00000000f0b00000, 0x0000000100000000)
  eden space 175104K, 0% used [0x00000000e0000000,0x00000000e0000000,0x00000000eab00000)
  from space 20992K, 80% used [0x00000000eab00000,0x00000000ebb946e0,0x00000000ebf80000)
  to   space 22528K, 0% used [0x00000000ef500000,0x00000000ef500000,0x00000000f0b00000)
 ParOldGen       total 95232K, used 28450K [0x00000000a0000000, 0x00000000a5d00000, 0x00000000e0000000)
  object space 95232K, 29% used [0x00000000a0000000,0x00000000a1bc8a30,0x00000000a5d00000)
 Metaspace       used 57596K, capacity 58974K, committed 59028K, reserved 1099776K
  class space    used 7782K, capacity 8165K, committed 8192K, reserved 1048576K
Event: 7.207 GC heap after
Heap after GC invocations=14 (full 3):
 PSYoungGen      total 196096K, used 0K [0x00000000e0000000, 0x00000000f0b00000, 0x0000000100000000)
  eden space 175104K, 0% used [0x00000000e0000000,0x00000000e0000000,0x00000000eab00000)
  from space 20992K, 0% used [0x00000000eab00000,0x00000000eab00000,0x00000000ebf80000)
  to   space 22528K, 0% used [0x00000000ef500000,0x00000000ef500000,0x00000000f0b00000)
 ParOldGen       total 136704K, used 30278K [0x00000000a0000000, 0x00000000a8580000, 0x00000000e0000000)
  object space 136704K, 22% used [0x00000000a0000000,0x00000000a1d91bb0,0x00000000a8580000)
 Metaspace       used 57596K, capacity 58974K, committed 59028K, reserved 1099776K
  class space    used 7782K, capacity 8165K, committed 8192K, reserved 1048576K
}
Event: 16.795 GC heap before
{Heap before GC invocations=15 (full 3):
 PSYoungGen      total 196096K, used 175104K [0x00000000e0000000, 0x00000000f0b00000, 0x0000000100000000)
  eden space 175104K, 100% used [0x00000000e0000000,0x00000000eab00000,0x00000000eab00000)
  from space 20992K, 0% used [0x00000000eab00000,0x00000000eab00000,0x00000000ebf80000)
  to   space 22528K, 0% used [0x00000000ef500000,0x00000000ef500000,0x00000000f0b00000)
 ParOldGen       total 136704K, used 30278K [0x00000000a0000000, 0x00000000a8580000, 0x00000000e0000000)
  object space 136704K, 22% used [0x00000000a0000000,0x00000000a1d91bb0,0x00000000a8580000)
 Metaspace       used 65529K, capacity 67238K, committed 67456K, reserved 1107968K
  class space    used 8582K, capacity 9051K, committed 9088K, reserved 1048576K
Event: 16.818 GC heap after
Heap after GC invocations=15 (full 3):
 PSYoungGen      total 240640K, used 19799K [0x00000000e0000000, 0x00000000f0880000, 0x0000000100000000)
  eden space 220672K, 0% used [0x00000000e0000000,0x00000000e0000000,0x00000000ed780000)
  from space 19968K, 99% used [0x00000000ef500000,0x00000000f0855f50,0x00000000f0880000)
  to   space 24576K, 0% used [0x00000000ed880000,0x00000000ed880000,0x00000000ef080000)
 ParOldGen       total 136704K, used 30286K [0x00000000a0000000, 0x00000000a8580000, 0x00000000e0000000)
  object space 136704K, 22% used [0x00000000a0000000,0x00000000a1d93bb0,0x00000000a8580000)
 Metaspace       used 65529K, capacity 67238K, committed 67456K, reserved 1107968K
  class space    used 8582K, capacity 9051K, committed 9088K, reserved 1048576K
}
Event: 421.270 GC heap before
{Heap before GC invocations=16 (full 3):
 PSYoungGen      total 240640K, used 240471K [0x00000000e0000000, 0x00000000f0880000, 0x0000000100000000)
  eden space 220672K, 100% used [0x00000000e0000000,0x00000000ed780000,0x00000000ed780000)
  from space 19968K, 99% used [0x00000000ef500000,0x00000000f0855f50,0x00000000f0880000)
  to   space 24576K, 0% used [0x00000000ed880000,0x00000000ed880000,0x00000000ef080000)
 ParOldGen       total 136704K, used 30286K [0x00000000a0000000, 0x00000000a8580000, 0x00000000e0000000)
  object space 136704K, 22% used [0x00000000a0000000,0x00000000a1d93bb0,0x00000000a8580000)
 Metaspace       used 74702K, capacity 76620K, committed 76672K, reserved 1116160K
  class space    used 9587K, capacity 10110K, committed 10112K, reserved 1048576K
Event: 421.301 GC heap after
Heap after GC invocations=16 (full 3):
 PSYoungGen      total 245248K, used 24561K [0x00000000e0000000, 0x00000000f0880000, 0x0000000100000000)
  eden space 220672K, 0% used [0x00000000e0000000,0x00000000e0000000,0x00000000ed780000)
  from space 24576K, 99% used [0x00000000ed880000,0x00000000ef07c7c0,0x00000000ef080000)
  to   space 19968K, 0% used [0x00000000ef500000,0x00000000ef500000,0x00000000f0880000)
 ParOldGen       total 136704K, used 37204K [0x00000000a0000000, 0x00000000a8580000, 0x00000000e0000000)
  object space 136704K, 27% used [0x00000000a0000000,0x00000000a2455230,0x00000000a8580000)
 Metaspace       used 74702K, capacity 76620K, committed 76672K, reserved 1116160K
  class space    used 9587K, capacity 10110K, committed 10112K, reserved 1048576K
}

