# JRE version: OpenJDK Runtime Environment (8.0_152-b01) (build 1.8.0_152-release-1248-b01)
# Java VM: OpenJDK 64-Bit Server VM (25.152-b01 mixed mode windows-amd64 compressed oops)
Heap:
 PSYoungGen      total 212992K, used 54091K [0x00000000e0000000, 0x00000000f4980000, 0x0000000100000000)
  eden space 191488K, 28% used [0x00000000e0000000,0x00000000e34d2c90,0x00000000ebb00000)
  from space 21504K, 0% used [0x00000000ebb00000,0x00000000ebb00000,0x00000000ed000000)
  to   space 22528K, 0% used [0x00000000f3380000,0x00000000f3380000,0x00000000f4980000)
 ParOldGen       total 112128K, used 29497K [0x00000000a0000000, 0x00000000a6d80000, 0x00000000e0000000)
  object space 112128K, 26% used [0x00000000a0000000,0x00000000a1cce568,0x00000000a6d80000)
 Metaspace       used 58875K, capacity 60460K, committed 60720K, reserved 1101824K
  class space    used 8015K, capacity 8436K, committed 8496K, reserved 1048576K
GC Heap History (10 events):
Event: 3.472 GC heap before
{Heap before GC invocations=10 (full 2):
 PSYoungGen      total 156672K, used 7456K [0x00000000e0000000, 0x00000000ef700000, 0x0000000100000000)
  eden space 143360K, 0% used [0x00000000e0000000,0x00000000e0000000,0x00000000e8c00000)
  from space 13312K, 56% used [0x00000000e9800000,0x00000000e9f48398,0x00000000ea500000)
  to   space 12288K, 0% used [0x00000000e8c00000,0x00000000e8c00000,0x00000000e9800000)
 ParOldGen       total 65536K, used 11333K [0x00000000a0000000, 0x00000000a4000000, 0x00000000e0000000)
  object space 65536K, 17% used [0x00000000a0000000,0x00000000a0b11770,0x00000000a4000000)
 Metaspace       used 34679K, capacity 35326K, committed 35496K, reserved 1079296K
  class space    used 4839K, capacity 5065K, committed 5168K, reserved 1048576K
Event: 3.529 GC heap after
Heap after GC invocations=10 (full 2):
 PSYoungGen      total 156672K, used 0K [0x00000000e0000000, 0x00000000ef700000, 0x0000000100000000)
  eden space 143360K, 0% used [0x00000000e0000000,0x00000000e0000000,0x00000000e8c00000)
  from space 13312K, 0% used [0x00000000e9800000,0x00000000e9800000,0x00000000ea500000)
  to   space 12288K, 0% used [0x00000000e8c00000,0x00000000e8c00000,0x00000000e9800000)
 ParOldGen       total 87040K, used 14257K [0x00000000a0000000, 0x00000000a5500000, 0x00000000e0000000)
  object space 87040K, 16% used [0x00000000a0000000,0x00000000a0dec5e8,0x00000000a5500000)
 Metaspace       used 34679K, capacity 35326K, committed 35496K, reserved 1079296K
  class space    used 4839K, capacity 5065K, committed 5168K, reserved 1048576K
}
Event: 5.015 GC heap before
{Heap before GC invocations=11 (full 2):
 PSYoungGen      total 156672K, used 143360K [0x00000000e0000000, 0x00000000ef700000, 0x0000000100000000)
  eden space 143360K, 100% used [0x00000000e0000000,0x00000000e8c00000,0x00000000e8c00000)
  from space 13312K, 0% used [0x00000000e9800000,0x00000000e9800000,0x00000000ea500000)
  to   space 12288K, 0% used [0x00000000e8c00000,0x00000000e8c00000,0x00000000e9800000)
 ParOldGen       total 87040K, used 14257K [0x00000000a0000000, 0x00000000a5500000, 0x00000000e0000000)
  object space 87040K, 16% used [0x00000000a0000000,0x00000000a0dec5e8,0x00000000a5500000)
 Metaspace       used 47272K, capacity 48180K, committed 48560K, reserved 1091584K
  class space    used 6434K, capacity 6712K, committed 6832K, reserved 1048576K
Event: 5.028 GC heap after
Heap after GC invocations=11 (full 2):
 PSYoungGen      total 155648K, used 12274K [0x00000000e0000000, 0x00000000ee000000, 0x0000000100000000)
  eden space 143360K, 0% used [0x00000000e0000000,0x00000000e0000000,0x00000000e8c00000)
  from space 12288K, 99% used [0x00000000e8c00000,0x00000000e97fc900,0x00000000e9800000)
  to   space 16384K, 0% used [0x00000000ed000000,0x00000000ed000000,0x00000000ee000000)
 ParOldGen       total 87040K, used 20603K [0x00000000a0000000, 0x00000000a5500000, 0x00000000e0000000)
  object space 87040K, 23% used [0x00000000a0000000,0x00000000a141ed38,0x00000000a5500000)
 Metaspace       used 47272K, capacity 48180K, committed 48560K, reserved 1091584K
  class space    used 6434K, capacity 6712K, committed 6832K, reserved 1048576K
}
Event: 6.347 GC heap before
{Heap before GC invocations=12 (full 2):
 PSYoungGen      total 155648K, used 155634K [0x00000000e0000000, 0x00000000ee000000, 0x0000000100000000)
  eden space 143360K, 100% used [0x00000000e0000000,0x00000000e8c00000,0x00000000e8c00000)
  from space 12288K, 99% used [0x00000000e8c00000,0x00000000e97fc900,0x00000000e9800000)
  to   space 16384K, 0% used [0x00000000ed000000,0x00000000ed000000,0x00000000ee000000)
 ParOldGen       total 87040K, used 20603K [0x00000000a0000000, 0x00000000a5500000, 0x00000000e0000000)
  object space 87040K, 23% used [0x00000000a0000000,0x00000000a141ed48,0x00000000a5500000)
 Metaspace       used 57307K, capacity 59024K, committed 59160K, reserved 1099776K
  class space    used 7850K, capacity 8292K, committed 8368K, reserved 1048576K
Event: 6.366 GC heap after
Heap after GC invocations=12 (full 2):
 PSYoungGen      total 207872K, used 16382K [0x00000000e0000000, 0x00000000ee680000, 0x0000000100000000)
  eden space 191488K, 0% used [0x00000000e0000000,0x00000000e0000000,0x00000000ebb00000)
  from space 16384K, 99% used [0x00000000ed000000,0x00000000edfff9b0,0x00000000ee000000)
  to   space 21504K, 0% used [0x00000000ebb00000,0x00000000ebb00000,0x00000000ed000000)
 ParOldGen       total 87040K, used 28690K [0x00000000a0000000, 0x00000000a5500000, 0x00000000e0000000)
  object space 87040K, 32% used [0x00000000a0000000,0x00000000a1c04ad0,0x00000000a5500000)
 Metaspace       used 57307K, capacity 59024K, committed 59160K, reserved 1099776K
  class space    used 7850K, capacity 8292K, committed 8368K, reserved 1048576K
}
Event: 6.373 GC heap before
{Heap before GC invocations=13 (full 2):
 PSYoungGen      total 207872K, used 16899K [0x00000000e0000000, 0x00000000ee680000, 0x0000000100000000)
  eden space 191488K, 0% used [0x00000000e0000000,0x00000000e0081450,0x00000000ebb00000)
  from space 16384K, 99% used [0x00000000ed000000,0x00000000edfff9b0,0x00000000ee000000)
  to   space 21504K, 0% used [0x00000000ebb00000,0x00000000ebb00000,0x00000000ed000000)
 ParOldGen       total 87040K, used 28690K [0x00000000a0000000, 0x00000000a5500000, 0x00000000e0000000)
  object space 87040K, 32% used [0x00000000a0000000,0x00000000a1c04ad0,0x00000000a5500000)
 Metaspace       used 57384K, capacity 59024K, committed 59160K, reserved 1099776K
  class space    used 7856K, capacity 8292K, committed 8368K, reserved 1048576K
Event: 6.385 GC heap after
Heap after GC invocations=13 (full 2):
 PSYoungGen      total 212992K, used 15897K [0x00000000e0000000, 0x00000000f4980000, 0x0000000100000000)
  eden space 191488K, 0% used [0x00000000e0000000,0x00000000e0000000,0x00000000ebb00000)
  from space 21504K, 73% used [0x00000000ebb00000,0x00000000eca86488,0x00000000ed000000)
  to   space 22528K, 0% used [0x00000000f3380000,0x00000000f3380000,0x00000000f4980000)
 ParOldGen       total 87040K, used 28698K [0x00000000a0000000, 0x00000000a5500000, 0x00000000e0000000)
  object space 87040K, 32% used [0x00000000a0000000,0x00000000a1c06ad0,0x00000000a5500000)
 Metaspace       used 57384K, capacity 59024K, committed 59160K, reserved 1099776K
  class space    used 7856K, capacity 8292K, committed 8368K, reserved 1048576K
}
Event: 6.385 GC heap before
{Heap before GC invocations=14 (full 3):
 PSYoungGen      total 212992K, used 15897K [0x00000000e0000000, 0x00000000f4980000, 0x0000000100000000)
  eden space 191488K, 0% used [0x00000000e0000000,0x00000000e0000000,0x00000000ebb00000)
  from space 21504K, 73% used [0x00000000ebb00000,0x00000000eca86488,0x00000000ed000000)
  to   space 22528K, 0% used [0x00000000f3380000,0x00000000f3380000,0x00000000f4980000)
 ParOldGen       total 87040K, used 28698K [0x00000000a0000000, 0x00000000a5500000, 0x00000000e0000000)
  object space 87040K, 32% used [0x00000000a0000000,0x00000000a1c06ad0,0x00000000a5500000)
 Metaspace       used 57384K, capacity 59024K, committed 59160K, reserved 1099776K
  class space    used 7856K, capacity 8292K, committed 8368K, reserved 1048576K
Event: 6.536 GC heap after
Heap after GC invocations=14 (full 3):
 PSYoungGen      total 212992K, used 0K [0x00000000e0000000, 0x00000000f4980000, 0x0000000100000000)
  eden space 191488K, 0% used [0x00000000e0000000,0x00000000e0000000,0x00000000ebb00000)
  from space 21504K, 0% used [0x00000000ebb00000,0x00000000ebb00000,0x00000000ed000000)
  to   space 22528K, 0% used [0x00000000f3380000,0x00000000f3380000,0x00000000f4980000)
 ParOldGen       total 112128K, used 29497K [0x00000000a0000000, 0x00000000a6d80000, 0x00000000e0000000)
  object space 112128K, 26% used [0x00000000a0000000,0x00000000a1cce568,0x00000000a6d80000)
 Metaspace       used 57384K, capacity 59024K, committed 59160K, reserved 1099776K
  class space    used 7856K, capacity 8292K, committed 8368K, reserved 1048576K
}

