# JRE version: OpenJDK Runtime Environment (8.0_152-b01) (build 1.8.0_152-release-1248-b01)
# Java VM: OpenJDK 64-Bit Server VM (25.152-b01 mixed mode windows-amd64 compressed oops)
Heap:
 PSYoungGen      total 384512K, used 259372K [0x00000000e0000000, 0x00000000f9680000, 0x0000000100000000)
  eden space 376320K, 66% used [0x00000000e0000000,0x00000000ef5816c8,0x00000000f6f80000)
  from space 8192K, 97% used [0x00000000f8e80000,0x00000000f9649a40,0x00000000f9680000)
  to   space 19456K, 0% used [0x00000000f7080000,0x00000000f7080000,0x00000000f8380000)
 ParOldGen       total 112640K, used 49341K [0x00000000a0000000, 0x00000000a6e00000, 0x00000000e0000000)
  object space 112640K, 43% used [0x00000000a0000000,0x00000000a302f608,0x00000000a6e00000)
 Metaspace       used 91327K, capacity 94894K, committed 95104K, reserved 1132544K
  class space    used 11558K, capacity 12349K, committed 12416K, reserved 1048576K
GC Heap History (10 events):
Event: 6.261 GC heap before
{Heap before GC invocations=13 (full 3):
 PSYoungGen      total 240640K, used 16881K [0x00000000e0000000, 0x00000000f0580000, 0x0000000100000000)
  eden space 223744K, 0% used [0x00000000e0000000,0x00000000e0000000,0x00000000eda80000)
  from space 16896K, 99% used [0x00000000eef80000,0x00000000efffc4f0,0x00000000f0000000)
  to   space 21504K, 0% used [0x00000000eda80000,0x00000000eda80000,0x00000000eef80000)
 ParOldGen       total 76288K, used 28038K [0x00000000a0000000, 0x00000000a4a80000, 0x00000000e0000000)
  object space 76288K, 36% used [0x00000000a0000000,0x00000000a1b61908,0x00000000a4a80000)
 Metaspace       used 57328K, capacity 59014K, committed 59160K, reserved 1099776K
  class space    used 7886K, capacity 8302K, committed 8320K, reserved 1048576K
Event: 6.432 GC heap after
Heap after GC invocations=13 (full 3):
 PSYoungGen      total 240640K, used 0K [0x00000000e0000000, 0x00000000f0580000, 0x0000000100000000)
  eden space 223744K, 0% used [0x00000000e0000000,0x00000000e0000000,0x00000000eda80000)
  from space 16896K, 0% used [0x00000000eef80000,0x00000000eef80000,0x00000000f0000000)
  to   space 21504K, 0% used [0x00000000eda80000,0x00000000eda80000,0x00000000eef80000)
 ParOldGen       total 112640K, used 37484K [0x00000000a0000000, 0x00000000a6e00000, 0x00000000e0000000)
  object space 112640K, 33% used [0x00000000a0000000,0x00000000a249b348,0x00000000a6e00000)
 Metaspace       used 57328K, capacity 59014K, committed 59160K, reserved 1099776K
  class space    used 7886K, capacity 8302K, committed 8320K, reserved 1048576K
}
Event: 20.887 GC heap before
{Heap before GC invocations=14 (full 3):
 PSYoungGen      total 240640K, used 223744K [0x00000000e0000000, 0x00000000f0580000, 0x0000000100000000)
  eden space 223744K, 100% used [0x00000000e0000000,0x00000000eda80000,0x00000000eda80000)
  from space 16896K, 0% used [0x00000000eef80000,0x00000000eef80000,0x00000000f0000000)
  to   space 21504K, 0% used [0x00000000eda80000,0x00000000eda80000,0x00000000eef80000)
 ParOldGen       total 112640K, used 37484K [0x00000000a0000000, 0x00000000a6e00000, 0x00000000e0000000)
  object space 112640K, 33% used [0x00000000a0000000,0x00000000a249b348,0x00000000a6e00000)
 Metaspace       used 64559K, capacity 66622K, committed 66816K, reserved 1107968K
  class space    used 8594K, capacity 9119K, committed 9216K, reserved 1048576K
Event: 20.898 GC heap after
Heap after GC invocations=14 (full 3):
 PSYoungGen      total 245248K, used 11978K [0x00000000e0000000, 0x00000000f5600000, 0x0000000100000000)
  eden space 223744K, 0% used [0x00000000e0000000,0x00000000e0000000,0x00000000eda80000)
  from space 21504K, 55% used [0x00000000eda80000,0x00000000ee632b48,0x00000000eef80000)
  to   space 20992K, 0% used [0x00000000f4180000,0x00000000f4180000,0x00000000f5600000)
 ParOldGen       total 112640K, used 37492K [0x00000000a0000000, 0x00000000a6e00000, 0x00000000e0000000)
  object space 112640K, 33% used [0x00000000a0000000,0x00000000a249d348,0x00000000a6e00000)
 Metaspace       used 64559K, capacity 66622K, committed 66816K, reserved 1107968K
  class space    used 8594K, capacity 9119K, committed 9216K, reserved 1048576K
}
Event: 33.057 GC heap before
{Heap before GC invocations=15 (full 3):
 PSYoungGen      total 245248K, used 235722K [0x00000000e0000000, 0x00000000f5600000, 0x0000000100000000)
  eden space 223744K, 100% used [0x00000000e0000000,0x00000000eda80000,0x00000000eda80000)
  from space 21504K, 55% used [0x00000000eda80000,0x00000000ee632b48,0x00000000eef80000)
  to   space 20992K, 0% used [0x00000000f4180000,0x00000000f4180000,0x00000000f5600000)
 ParOldGen       total 112640K, used 37492K [0x00000000a0000000, 0x00000000a6e00000, 0x00000000e0000000)
  object space 112640K, 33% used [0x00000000a0000000,0x00000000a249d348,0x00000000a6e00000)
 Metaspace       used 69986K, capacity 72260K, committed 72448K, reserved 1112064K
  class space    used 9154K, capacity 9710K, committed 9728K, reserved 1048576K
Event: 33.070 GC heap after
Heap after GC invocations=15 (full 3):
 PSYoungGen      total 309760K, used 9273K [0x00000000e0000000, 0x00000000f4c00000, 0x0000000100000000)
  eden space 299008K, 0% used [0x00000000e0000000,0x00000000e0000000,0x00000000f2400000)
  from space 10752K, 86% used [0x00000000f4180000,0x00000000f4a8e5b8,0x00000000f4c00000)
  to   space 20480K, 0% used [0x00000000f2400000,0x00000000f2400000,0x00000000f3800000)
 ParOldGen       total 112640K, used 41474K [0x00000000a0000000, 0x00000000a6e00000, 0x00000000e0000000)
  object space 112640K, 36% used [0x00000000a0000000,0x00000000a2880888,0x00000000a6e00000)
 Metaspace       used 69986K, capacity 72260K, committed 72448K, reserved 1112064K
  class space    used 9154K, capacity 9710K, committed 9728K, reserved 1048576K
}
Event: 39.434 GC heap before
{Heap before GC invocations=16 (full 3):
 PSYoungGen      total 309760K, used 307943K [0x00000000e0000000, 0x00000000f4c00000, 0x0000000100000000)
  eden space 299008K, 99% used [0x00000000e0000000,0x00000000f23aba40,0x00000000f2400000)
  from space 10752K, 86% used [0x00000000f4180000,0x00000000f4a8e5b8,0x00000000f4c00000)
  to   space 20480K, 0% used [0x00000000f2400000,0x00000000f2400000,0x00000000f3800000)
 ParOldGen       total 112640K, used 41474K [0x00000000a0000000, 0x00000000a6e00000, 0x00000000e0000000)
  object space 112640K, 36% used [0x00000000a0000000,0x00000000a2880888,0x00000000a6e00000)
 Metaspace       used 77780K, capacity 80214K, committed 80256K, reserved 1118208K
  class space    used 10016K, capacity 10624K, committed 10624K, reserved 1048576K
Event: 39.458 GC heap after
Heap after GC invocations=16 (full 3):
 PSYoungGen      total 319488K, used 7655K [0x00000000e0000000, 0x00000000fa200000, 0x0000000100000000)
  eden space 299008K, 0% used [0x00000000e0000000,0x00000000e0000000,0x00000000f2400000)
  from space 20480K, 37% used [0x00000000f2400000,0x00000000f2b79e90,0x00000000f3800000)
  to   space 19968K, 0% used [0x00000000f8e80000,0x00000000f8e80000,0x00000000fa200000)
 ParOldGen       total 112640K, used 47500K [0x00000000a0000000, 0x00000000a6e00000, 0x00000000e0000000)
  object space 112640K, 42% used [0x00000000a0000000,0x00000000a2e63280,0x00000000a6e00000)
 Metaspace       used 77780K, capacity 80214K, committed 80256K, reserved 1118208K
  class space    used 10016K, capacity 10624K, committed 10624K, reserved 1048576K
}
Event: 45.536 GC heap before
{Heap before GC invocations=17 (full 3):
 PSYoungGen      total 319488K, used 306663K [0x00000000e0000000, 0x00000000fa200000, 0x0000000100000000)
  eden space 299008K, 100% used [0x00000000e0000000,0x00000000f2400000,0x00000000f2400000)
  from space 20480K, 37% used [0x00000000f2400000,0x00000000f2b79e90,0x00000000f3800000)
  to   space 19968K, 0% used [0x00000000f8e80000,0x00000000f8e80000,0x00000000fa200000)
 ParOldGen       total 112640K, used 47500K [0x00000000a0000000, 0x00000000a6e00000, 0x00000000e0000000)
  object space 112640K, 42% used [0x00000000a0000000,0x00000000a2e63280,0x00000000a6e00000)
 Metaspace       used 81959K, capacity 84718K, committed 84992K, reserved 1122304K
  class space    used 10478K, capacity 11158K, committed 11264K, reserved 1048576K
Event: 45.551 GC heap after
Heap after GC invocations=17 (full 3):
 PSYoungGen      total 384512K, used 7974K [0x00000000e0000000, 0x00000000f9680000, 0x0000000100000000)
  eden space 376320K, 0% used [0x00000000e0000000,0x00000000e0000000,0x00000000f6f80000)
  from space 8192K, 97% used [0x00000000f8e80000,0x00000000f9649a40,0x00000000f9680000)
  to   space 19456K, 0% used [0x00000000f7080000,0x00000000f7080000,0x00000000f8380000)
 ParOldGen       total 112640K, used 49341K [0x00000000a0000000, 0x00000000a6e00000, 0x00000000e0000000)
  object space 112640K, 43% used [0x00000000a0000000,0x00000000a302f608,0x00000000a6e00000)
 Metaspace       used 81959K, capacity 84718K, committed 84992K, reserved 1122304K
  class space    used 10478K, capacity 11158K, committed 11264K, reserved 1048576K
}

