# JRE version: OpenJDK Runtime Environment (8.0_152-b01) (build 1.8.0_152-release-1248-b01)
# Java VM: OpenJDK 64-Bit Server VM (25.152-b01 mixed mode windows-amd64 compressed oops)
Heap:
 PSYoungGen      total 459776K, used 220489K [0x00000000e0000000, 0x00000000ffc00000, 0x0000000100000000)
  eden space 404480K, 46% used [0x00000000e0000000,0x00000000eb88f978,0x00000000f8b00000)
  from space 55296K, 56% used [0x00000000fc600000,0x00000000fe4c2d88,0x00000000ffc00000)
  to   space 57856K, 0% used [0x00000000f8b00000,0x00000000f8b00000,0x00000000fc380000)
 ParOldGen       total 236544K, used 100732K [0x00000000a0000000, 0x00000000ae700000, 0x00000000e0000000)
  object space 236544K, 42% used [0x00000000a0000000,0x00000000a625f300,0x00000000ae700000)
 Metaspace       used 129839K, capacity 137784K, committed 138032K, reserved 1169408K
  class space    used 16176K, capacity 17597K, committed 17712K, reserved 1048576K
GC Heap History (10 events):
Event: 371.624 GC heap before
{Heap before GC invocations=24 (full 4):
 PSYoungGen      total 458752K, used 414315K [0x00000000e0000000, 0x00000000fff00000, 0x0000000100000000)
  eden space 399872K, 99% used [0x00000000e0000000,0x00000000f85c9530,0x00000000f8680000)
  from space 58880K, 25% used [0x00000000f8680000,0x00000000f95518c0,0x00000000fc000000)
  to   space 56320K, 0% used [0x00000000fc800000,0x00000000fc800000,0x00000000fff00000)
 ParOldGen       total 236544K, used 97162K [0x00000000a0000000, 0x00000000ae700000, 0x00000000e0000000)
  object space 236544K, 41% used [0x00000000a0000000,0x00000000a5ee2a28,0x00000000ae700000)
 Metaspace       used 95515K, capacity 99808K, committed 100016K, reserved 1136640K
  class space    used 11829K, capacity 12674K, committed 12720K, reserved 1048576K
Event: 371.640 GC heap after
Heap after GC invocations=24 (full 4):
 PSYoungGen      total 451584K, used 53071K [0x00000000e0000000, 0x0000000100000000, 0x0000000100000000)
  eden space 395264K, 0% used [0x00000000e0000000,0x00000000e0000000,0x00000000f8200000)
  from space 56320K, 94% used [0x00000000fc800000,0x00000000ffbd3e80,0x00000000fff00000)
  to   space 64512K, 0% used [0x00000000f8200000,0x00000000f8200000,0x00000000fc100000)
 ParOldGen       total 236544K, used 100700K [0x00000000a0000000, 0x00000000ae700000, 0x00000000e0000000)
  object space 236544K, 42% used [0x00000000a0000000,0x00000000a6257300,0x00000000ae700000)
 Metaspace       used 95515K, capacity 99808K, committed 100016K, reserved 1136640K
  class space    used 11829K, capacity 12674K, committed 12720K, reserved 1048576K
}
Event: 485.813 GC heap before
{Heap before GC invocations=25 (full 4):
 PSYoungGen      total 451584K, used 448335K [0x00000000e0000000, 0x0000000100000000, 0x0000000100000000)
  eden space 395264K, 100% used [0x00000000e0000000,0x00000000f8200000,0x00000000f8200000)
  from space 56320K, 94% used [0x00000000fc800000,0x00000000ffbd3e80,0x00000000fff00000)
  to   space 64512K, 0% used [0x00000000f8200000,0x00000000f8200000,0x00000000fc100000)
 ParOldGen       total 236544K, used 100700K [0x00000000a0000000, 0x00000000ae700000, 0x00000000e0000000)
  object space 236544K, 42% used [0x00000000a0000000,0x00000000a6257300,0x00000000ae700000)
 Metaspace       used 109862K, capacity 115248K, committed 115504K, reserved 1150976K
  class space    used 13844K, capacity 14886K, committed 14896K, reserved 1048576K
Event: 485.832 GC heap after
Heap after GC invocations=25 (full 4):
 PSYoungGen      total 459776K, used 31028K [0x00000000e0000000, 0x0000000100000000, 0x0000000100000000)
  eden space 395264K, 0% used [0x00000000e0000000,0x00000000e0000000,0x00000000f8200000)
  from space 64512K, 48% used [0x00000000f8200000,0x00000000fa04d148,0x00000000fc100000)
  to   space 63488K, 0% used [0x00000000fc200000,0x00000000fc200000,0x0000000100000000)
 ParOldGen       total 236544K, used 100708K [0x00000000a0000000, 0x00000000ae700000, 0x00000000e0000000)
  object space 236544K, 42% used [0x00000000a0000000,0x00000000a6259300,0x00000000ae700000)
 Metaspace       used 109862K, capacity 115248K, committed 115504K, reserved 1150976K
  class space    used 13844K, capacity 14886K, committed 14896K, reserved 1048576K
}
Event: 532.981 GC heap before
{Heap before GC invocations=26 (full 4):
 PSYoungGen      total 459776K, used 426292K [0x00000000e0000000, 0x0000000100000000, 0x0000000100000000)
  eden space 395264K, 100% used [0x00000000e0000000,0x00000000f8200000,0x00000000f8200000)
  from space 64512K, 48% used [0x00000000f8200000,0x00000000fa04d148,0x00000000fc100000)
  to   space 63488K, 0% used [0x00000000fc200000,0x00000000fc200000,0x0000000100000000)
 ParOldGen       total 236544K, used 100708K [0x00000000a0000000, 0x00000000ae700000, 0x00000000e0000000)
  object space 236544K, 42% used [0x00000000a0000000,0x00000000a6259300,0x00000000ae700000)
 Metaspace       used 116940K, capacity 123398K, committed 123696K, reserved 1157120K
  class space    used 14608K, capacity 15805K, committed 15920K, reserved 1048576K
Event: 533.019 GC heap after
Heap after GC invocations=26 (full 4):
 PSYoungGen      total 453632K, used 28558K [0x00000000e0000000, 0x00000000ffa00000, 0x0000000100000000)
  eden space 396288K, 0% used [0x00000000e0000000,0x00000000e0000000,0x00000000f8300000)
  from space 57344K, 49% used [0x00000000fc200000,0x00000000fdde3b88,0x00000000ffa00000)
  to   space 60928K, 0% used [0x00000000f8300000,0x00000000f8300000,0x00000000fbe80000)
 ParOldGen       total 236544K, used 100716K [0x00000000a0000000, 0x00000000ae700000, 0x00000000e0000000)
  object space 236544K, 42% used [0x00000000a0000000,0x00000000a625b300,0x00000000ae700000)
 Metaspace       used 116940K, capacity 123398K, committed 123696K, reserved 1157120K
  class space    used 14608K, capacity 15805K, committed 15920K, reserved 1048576K
}
Event: 539.226 GC heap before
{Heap before GC invocations=27 (full 4):
 PSYoungGen      total 453632K, used 424846K [0x00000000e0000000, 0x00000000ffa00000, 0x0000000100000000)
  eden space 396288K, 99% used [0x00000000e0000000,0x00000000f82fff00,0x00000000f8300000)
  from space 57344K, 49% used [0x00000000fc200000,0x00000000fdde3b88,0x00000000ffa00000)
  to   space 60928K, 0% used [0x00000000f8300000,0x00000000f8300000,0x00000000fbe80000)
 ParOldGen       total 236544K, used 100716K [0x00000000a0000000, 0x00000000ae700000, 0x00000000e0000000)
  object space 236544K, 42% used [0x00000000a0000000,0x00000000a625b300,0x00000000ae700000)
 Metaspace       used 118744K, capacity 125500K, committed 125744K, reserved 1159168K
  class space    used 14867K, capacity 16138K, committed 16176K, reserved 1048576K
Event: 539.250 GC heap after
Heap after GC invocations=27 (full 4):
 PSYoungGen      total 457216K, used 28084K [0x00000000e0000000, 0x00000000fff80000, 0x0000000100000000)
  eden space 396288K, 0% used [0x00000000e0000000,0x00000000e0000000,0x00000000f8300000)
  from space 60928K, 46% used [0x00000000f8300000,0x00000000f9e6d330,0x00000000fbe80000)
  to   space 58880K, 0% used [0x00000000fc600000,0x00000000fc600000,0x00000000fff80000)
 ParOldGen       total 236544K, used 100724K [0x00000000a0000000, 0x00000000ae700000, 0x00000000e0000000)
  object space 236544K, 42% used [0x00000000a0000000,0x00000000a625d300,0x00000000ae700000)
 Metaspace       used 118744K, capacity 125500K, committed 125744K, reserved 1159168K
  class space    used 14867K, capacity 16138K, committed 16176K, reserved 1048576K
}
Event: 553.232 GC heap before
{Heap before GC invocations=28 (full 4):
 PSYoungGen      total 457216K, used 424299K [0x00000000e0000000, 0x00000000fff80000, 0x0000000100000000)
  eden space 396288K, 99% used [0x00000000e0000000,0x00000000f82edc60,0x00000000f8300000)
  from space 60928K, 46% used [0x00000000f8300000,0x00000000f9e6d330,0x00000000fbe80000)
  to   space 58880K, 0% used [0x00000000fc600000,0x00000000fc600000,0x00000000fff80000)
 ParOldGen       total 236544K, used 100724K [0x00000000a0000000, 0x00000000ae700000, 0x00000000e0000000)
  object space 236544K, 42% used [0x00000000a0000000,0x00000000a625d300,0x00000000ae700000)
 Metaspace       used 128880K, capacity 136736K, committed 136880K, reserved 1169408K
  class space    used 16060K, capacity 17481K, committed 17584K, reserved 1048576K
Event: 553.261 GC heap after
Heap after GC invocations=28 (full 4):
 PSYoungGen      total 459776K, used 31499K [0x00000000e0000000, 0x00000000ffc00000, 0x0000000100000000)
  eden space 404480K, 0% used [0x00000000e0000000,0x00000000e0000000,0x00000000f8b00000)
  from space 55296K, 56% used [0x00000000fc600000,0x00000000fe4c2d88,0x00000000ffc00000)
  to   space 57856K, 0% used [0x00000000f8b00000,0x00000000f8b00000,0x00000000fc380000)
 ParOldGen       total 236544K, used 100732K [0x00000000a0000000, 0x00000000ae700000, 0x00000000e0000000)
  object space 236544K, 42% used [0x00000000a0000000,0x00000000a625f300,0x00000000ae700000)
 Metaspace       used 128880K, capacity 136736K, committed 136880K, reserved 1169408K
  class space    used 16060K, capacity 17481K, committed 17584K, reserved 1048576K
}

