# JRE version: OpenJDK Runtime Environment (8.0_152-b01) (build 1.8.0_152-release-1248-b01)
# Java VM: OpenJDK 64-Bit Server VM (25.152-b01 mixed mode windows-amd64 compressed oops)
Heap:
 PSYoungGen      total 361984K, used 224915K [0x00000000e0000000, 0x00000000faa80000, 0x0000000100000000)
  eden space 327680K, 58% used [0x00000000e0000000,0x00000000eba2b248,0x00000000f4000000)
  from space 34304K, 99% used [0x00000000f4000000,0x00000000f6179d78,0x00000000f6180000)
  to   space 45056K, 0% used [0x00000000f7e80000,0x00000000f7e80000,0x00000000faa80000)
 ParOldGen       total 188416K, used 78531K [0x00000000a0000000, 0x00000000ab800000, 0x00000000e0000000)
  object space 188416K, 41% used [0x00000000a0000000,0x00000000a4cb0fd8,0x00000000ab800000)
 Metaspace       used 138544K, capacity 147288K, committed 147504K, reserved 1177600K
  class space    used 17310K, capacity 18874K, committed 18992K, reserved 1048576K
GC Heap History (10 events):
Event: 4528.049 GC heap before
{Heap before GC invocations=35 (full 4):
 PSYoungGen      total 322048K, used 311667K [0x00000000e0000000, 0x00000000f5200000, 0x0000000100000000)
  eden space 301056K, 100% used [0x00000000e0000000,0x00000000f2600000,0x00000000f2600000)
  from space 20992K, 50% used [0x00000000f3980000,0x00000000f43dce60,0x00000000f4e00000)
  to   space 19968K, 0% used [0x00000000f2600000,0x00000000f2600000,0x00000000f3980000)
 ParOldGen       total 188416K, used 39112K [0x00000000a0000000, 0x00000000ab800000, 0x00000000e0000000)
  object space 188416K, 20% used [0x00000000a0000000,0x00000000a2632160,0x00000000ab800000)
 Metaspace       used 95145K, capacity 100816K, committed 101168K, reserved 1138688K
  class space    used 11793K, capacity 12745K, committed 12848K, reserved 1048576K
Event: 4528.057 GC heap after
Heap after GC invocations=35 (full 4):
 PSYoungGen      total 321024K, used 6992K [0x00000000e0000000, 0x00000000f5a80000, 0x0000000100000000)
  eden space 301056K, 0% used [0x00000000e0000000,0x00000000e0000000,0x00000000f2600000)
  from space 19968K, 35% used [0x00000000f2600000,0x00000000f2cd4010,0x00000000f3980000)
  to   space 19968K, 0% used [0x00000000f4700000,0x00000000f4700000,0x00000000f5a80000)
 ParOldGen       total 188416K, used 39120K [0x00000000a0000000, 0x00000000ab800000, 0x00000000e0000000)
  object space 188416K, 20% used [0x00000000a0000000,0x00000000a2634160,0x00000000ab800000)
 Metaspace       used 95145K, capacity 100816K, committed 101168K, reserved 1138688K
  class space    used 11793K, capacity 12745K, committed 12848K, reserved 1048576K
}
Event: 5180.570 GC heap before
{Heap before GC invocations=36 (full 4):
 PSYoungGen      total 321024K, used 308048K [0x00000000e0000000, 0x00000000f5a80000, 0x0000000100000000)
  eden space 301056K, 100% used [0x00000000e0000000,0x00000000f2600000,0x00000000f2600000)
  from space 19968K, 35% used [0x00000000f2600000,0x00000000f2cd4010,0x00000000f3980000)
  to   space 19968K, 0% used [0x00000000f4700000,0x00000000f4700000,0x00000000f5a80000)
 ParOldGen       total 188416K, used 39120K [0x00000000a0000000, 0x00000000ab800000, 0x00000000e0000000)
  object space 188416K, 20% used [0x00000000a0000000,0x00000000a2634160,0x00000000ab800000)
 Metaspace       used 97181K, capacity 102954K, committed 103216K, reserved 1138688K
  class space    used 12028K, capacity 13013K, committed 13104K, reserved 1048576K
Event: 5180.584 GC heap after
Heap after GC invocations=36 (full 4):
 PSYoungGen      total 326656K, used 10943K [0x00000000e0000000, 0x00000000f5580000, 0x0000000100000000)
  eden space 311808K, 0% used [0x00000000e0000000,0x00000000e0000000,0x00000000f3080000)
  from space 14848K, 73% used [0x00000000f4700000,0x00000000f51affa8,0x00000000f5580000)
  to   space 18944K, 0% used [0x00000000f3080000,0x00000000f3080000,0x00000000f4300000)
 ParOldGen       total 188416K, used 39128K [0x00000000a0000000, 0x00000000ab800000, 0x00000000e0000000)
  object space 188416K, 20% used [0x00000000a0000000,0x00000000a2636160,0x00000000ab800000)
 Metaspace       used 97181K, capacity 102954K, committed 103216K, reserved 1138688K
  class space    used 12028K, capacity 13013K, committed 13104K, reserved 1048576K
}
Event: 5183.555 GC heap before
{Heap before GC invocations=37 (full 4):
 PSYoungGen      total 326656K, used 322751K [0x00000000e0000000, 0x00000000f5580000, 0x0000000100000000)
  eden space 311808K, 100% used [0x00000000e0000000,0x00000000f3080000,0x00000000f3080000)
  from space 14848K, 73% used [0x00000000f4700000,0x00000000f51affa8,0x00000000f5580000)
  to   space 18944K, 0% used [0x00000000f3080000,0x00000000f3080000,0x00000000f4300000)
 ParOldGen       total 188416K, used 39128K [0x00000000a0000000, 0x00000000ab800000, 0x00000000e0000000)
  object space 188416K, 20% used [0x00000000a0000000,0x00000000a2636160,0x00000000ab800000)
 Metaspace       used 114521K, capacity 121552K, committed 121648K, reserved 1155072K
  class space    used 14339K, capacity 15599K, committed 15664K, reserved 1048576K
Event: 5183.618 GC heap after
Heap after GC invocations=37 (full 4):
 PSYoungGen      total 330752K, used 18930K [0x00000000e0000000, 0x00000000f7d00000, 0x0000000100000000)
  eden space 311808K, 0% used [0x00000000e0000000,0x00000000e0000000,0x00000000f3080000)
  from space 18944K, 99% used [0x00000000f3080000,0x00000000f42fca60,0x00000000f4300000)
  to   space 28160K, 0% used [0x00000000f6180000,0x00000000f6180000,0x00000000f7d00000)
 ParOldGen       total 188416K, used 58349K [0x00000000a0000000, 0x00000000ab800000, 0x00000000e0000000)
  object space 188416K, 30% used [0x00000000a0000000,0x00000000a38fb7e0,0x00000000ab800000)
 Metaspace       used 114521K, capacity 121552K, committed 121648K, reserved 1155072K
  class space    used 14339K, capacity 15599K, committed 15664K, reserved 1048576K
}
Event: 6900.771 GC heap before
{Heap before GC invocations=38 (full 4):
 PSYoungGen      total 330752K, used 330738K [0x00000000e0000000, 0x00000000f7d00000, 0x0000000100000000)
  eden space 311808K, 100% used [0x00000000e0000000,0x00000000f3080000,0x00000000f3080000)
  from space 18944K, 99% used [0x00000000f3080000,0x00000000f42fca60,0x00000000f4300000)
  to   space 28160K, 0% used [0x00000000f6180000,0x00000000f6180000,0x00000000f7d00000)
 ParOldGen       total 188416K, used 58349K [0x00000000a0000000, 0x00000000ab800000, 0x00000000e0000000)
  object space 188416K, 30% used [0x00000000a0000000,0x00000000a38fb7e0,0x00000000ab800000)
 Metaspace       used 120062K, capacity 127488K, committed 127664K, reserved 1161216K
  class space    used 14939K, capacity 16276K, committed 16304K, reserved 1048576K
Event: 6900.802 GC heap after
Heap after GC invocations=38 (full 4):
 PSYoungGen      total 355840K, used 28132K [0x00000000e0000000, 0x00000000f8500000, 0x0000000100000000)
  eden space 327680K, 0% used [0x00000000e0000000,0x00000000e0000000,0x00000000f4000000)
  from space 28160K, 99% used [0x00000000f6180000,0x00000000f7cf92b0,0x00000000f7d00000)
  to   space 34304K, 0% used [0x00000000f4000000,0x00000000f4000000,0x00000000f6180000)
 ParOldGen       total 188416K, used 63211K [0x00000000a0000000, 0x00000000ab800000, 0x00000000e0000000)
  object space 188416K, 33% used [0x00000000a0000000,0x00000000a3dbad68,0x00000000ab800000)
 Metaspace       used 120062K, capacity 127488K, committed 127664K, reserved 1161216K
  class space    used 14939K, capacity 16276K, committed 16304K, reserved 1048576K
}
Event: 6908.344 GC heap before
{Heap before GC invocations=39 (full 4):
 PSYoungGen      total 355840K, used 355812K [0x00000000e0000000, 0x00000000f8500000, 0x0000000100000000)
  eden space 327680K, 100% used [0x00000000e0000000,0x00000000f4000000,0x00000000f4000000)
  from space 28160K, 99% used [0x00000000f6180000,0x00000000f7cf92b0,0x00000000f7d00000)
  to   space 34304K, 0% used [0x00000000f4000000,0x00000000f4000000,0x00000000f6180000)
 ParOldGen       total 188416K, used 63211K [0x00000000a0000000, 0x00000000ab800000, 0x00000000e0000000)
  object space 188416K, 33% used [0x00000000a0000000,0x00000000a3dbad68,0x00000000ab800000)
 Metaspace       used 136401K, capacity 144868K, committed 145072K, reserved 1175552K
  class space    used 17043K, capacity 18570K, committed 18608K, reserved 1048576K
Event: 6908.388 GC heap after
Heap after GC invocations=39 (full 4):
 PSYoungGen      total 361984K, used 34279K [0x00000000e0000000, 0x00000000faa80000, 0x0000000100000000)
  eden space 327680K, 0% used [0x00000000e0000000,0x00000000e0000000,0x00000000f4000000)
  from space 34304K, 99% used [0x00000000f4000000,0x00000000f6179d78,0x00000000f6180000)
  to   space 45056K, 0% used [0x00000000f7e80000,0x00000000f7e80000,0x00000000faa80000)
 ParOldGen       total 188416K, used 78531K [0x00000000a0000000, 0x00000000ab800000, 0x00000000e0000000)
  object space 188416K, 41% used [0x00000000a0000000,0x00000000a4cb0fd8,0x00000000ab800000)
 Metaspace       used 136401K, capacity 144868K, committed 145072K, reserved 1175552K
  class space    used 17043K, capacity 18570K, committed 18608K, reserved 1048576K
}

